build/app/intermediates/manifest_merge_blame_file/debug/manifest-merger-blame-debug-report.txt
1<?xml version="1.0" encoding="utf-8"?>
2<manifest xmlns:android="http://schemas.android.com/apk/res/android"
3    package="com.example.CORTOBA"
4    android:versionCode="1"
5    android:versionName="1.0.0" >
6
7    <uses-sdk
8        android:minSdkVersion="21"
9        android:targetSdkVersion="34" />
10    <!--
11         The INTERNET permission is required for development. Specifically,
12         the Flutter tool needs it to communicate with the running application
13         to allow setting breakpoints, to provide hot reload, etc.
14    -->
15    <uses-permission android:name="android.permission.INTERNET" />
15-->src\main\AndroidManifest.xml:3:5-66
15-->src\main\AndroidManifest.xml:3:22-64
16    <uses-permission android:name="android.permission.RECEIVE_BOOT_COMPLETED" />
16-->src\main\AndroidManifest.xml:4:5-80
16-->src\main\AndroidManifest.xml:4:22-78
17    <!--
18 Required to query activities that can process text, see:
19         https://developer.android.com/training/package-visibility and
20         https://developer.android.com/reference/android/content/Intent#ACTION_PROCESS_TEXT.
21
22         In particular, this is used by the Flutter engine in io.flutter.plugin.text.ProcessTextPlugin.
23    -->
24    <queries>
24-->src\main\AndroidManifest.xml:53:5-58:15
25        <intent>
25-->src\main\AndroidManifest.xml:54:9-57:18
26            <action android:name="android.intent.action.PROCESS_TEXT" />
26-->src\main\AndroidManifest.xml:55:13-72
26-->src\main\AndroidManifest.xml:55:21-70
27
28            <data android:mimeType="text/plain" />
28-->src\main\AndroidManifest.xml:56:13-50
28-->src\main\AndroidManifest.xml:56:19-48
29        </intent>
30    </queries>
31
32    <permission
32-->[androidx.core:core:1.13.1] AndroidManifest.xml:22:5-24:47
33        android:name="com.example.CORTOBA.DYNAMIC_RECEIVER_NOT_EXPORTED_PERMISSION"
33-->[androidx.core:core:1.13.1] AndroidManifest.xml:23:9-81
34        android:protectionLevel="signature" />
34-->[androidx.core:core:1.13.1] AndroidManifest.xml:24:9-44
35
36    <uses-permission android:name="com.example.CORTOBA.DYNAMIC_RECEIVER_NOT_EXPORTED_PERMISSION" />
36-->[androidx.core:core:1.13.1] AndroidManifest.xml:26:5-97
36-->[androidx.core:core:1.13.1] AndroidManifest.xml:26:22-94
37
38    <application
39        android:name="android.app.Application"
40        android:appComponentFactory="androidx.core.app.CoreComponentFactory"
40-->[androidx.core:core:1.13.1] AndroidManifest.xml:28:18-86
41        android:debuggable="true"
42        android:extractNativeLibs="true"
43        android:icon="@mipmap/ic_launcher"
44        android:label="CORTOBA" >
45        <activity
46            android:name="com.example.CORTOBA.MainActivity"
47            android:configChanges="orientation|keyboardHidden|keyboard|screenSize|smallestScreenSize|locale|layoutDirection|fontScale|screenLayout|density|uiMode"
48            android:exported="true"
49            android:hardwareAccelerated="true"
50            android:launchMode="singleTop"
51            android:taskAffinity=""
52            android:theme="@style/LaunchTheme"
53            android:windowSoftInputMode="adjustResize" >
54
55            <!--
56                 Specifies an Android theme to apply to this Activity as soon as
57                 the Android process has started. This theme is visible to the user
58                 while the Flutter UI initializes. After that, this theme continues
59                 to determine the Window background behind the Flutter UI.
60            -->
61            <meta-data
62                android:name="io.flutter.embedding.android.NormalTheme"
63                android:resource="@style/NormalTheme" />
64
65            <intent-filter>
66                <action android:name="android.intent.action.MAIN" />
67
68                <category android:name="android.intent.category.LAUNCHER" />
69            </intent-filter>
70        </activity>
71        <!--
72             Don't delete the meta-data below.
73             This is used by the Flutter tool to generate GeneratedPluginRegistrant.java
74        -->
75        <meta-data
76            android:name="flutterEmbedding"
77            android:value="2" />
78        <!-- Add receiver for handling notification taps -->
79        <receiver
80            android:name="com.dexterous.flutterlocalnotifications.ScheduledNotificationBootReceiver"
81            android:enabled="true"
82            android:exported="true" >
83            <intent-filter>
84                <action android:name="android.intent.action.BOOT_COMPLETED" />
85                <action android:name="android.intent.action.MY_PACKAGE_REPLACED" />
86            </intent-filter>
87        </receiver>
88
89        <uses-library
89-->[androidx.window:window:1.2.0] AndroidManifest.xml:23:9-25:40
90            android:name="androidx.window.extensions"
90-->[androidx.window:window:1.2.0] AndroidManifest.xml:24:13-54
91            android:required="false" />
91-->[androidx.window:window:1.2.0] AndroidManifest.xml:25:13-37
92        <uses-library
92-->[androidx.window:window:1.2.0] AndroidManifest.xml:26:9-28:40
93            android:name="androidx.window.sidecar"
93-->[androidx.window:window:1.2.0] AndroidManifest.xml:27:13-51
94            android:required="false" />
94-->[androidx.window:window:1.2.0] AndroidManifest.xml:28:13-37
95
96        <provider
96-->[androidx.lifecycle:lifecycle-process:2.7.0] AndroidManifest.xml:24:9-32:20
97            android:name="androidx.startup.InitializationProvider"
97-->[androidx.lifecycle:lifecycle-process:2.7.0] AndroidManifest.xml:25:13-67
98            android:authorities="com.example.CORTOBA.androidx-startup"
98-->[androidx.lifecycle:lifecycle-process:2.7.0] AndroidManifest.xml:26:13-68
99            android:exported="false" >
99-->[androidx.lifecycle:lifecycle-process:2.7.0] AndroidManifest.xml:27:13-37
100            <meta-data
100-->[androidx.lifecycle:lifecycle-process:2.7.0] AndroidManifest.xml:29:13-31:52
101                android:name="androidx.lifecycle.ProcessLifecycleInitializer"
101-->[androidx.lifecycle:lifecycle-process:2.7.0] AndroidManifest.xml:30:17-78
102                android:value="androidx.startup" />
102-->[androidx.lifecycle:lifecycle-process:2.7.0] AndroidManifest.xml:31:17-49
103            <meta-data
103-->[androidx.profileinstaller:profileinstaller:1.3.1] AndroidManifest.xml:29:13-31:52
104                android:name="androidx.profileinstaller.ProfileInstallerInitializer"
104-->[androidx.profileinstaller:profileinstaller:1.3.1] AndroidManifest.xml:30:17-85
105                android:value="androidx.startup" />
105-->[androidx.profileinstaller:profileinstaller:1.3.1] AndroidManifest.xml:31:17-49
106        </provider>
107
108        <receiver
108-->[androidx.profileinstaller:profileinstaller:1.3.1] AndroidManifest.xml:34:9-52:20
109            android:name="androidx.profileinstaller.ProfileInstallReceiver"
109-->[androidx.profileinstaller:profileinstaller:1.3.1] AndroidManifest.xml:35:13-76
110            android:directBootAware="false"
110-->[androidx.profileinstaller:profileinstaller:1.3.1] AndroidManifest.xml:36:13-44
111            android:enabled="true"
111-->[androidx.profileinstaller:profileinstaller:1.3.1] AndroidManifest.xml:37:13-35
112            android:exported="true"
112-->[androidx.profileinstaller:profileinstaller:1.3.1] AndroidManifest.xml:38:13-36
113            android:permission="android.permission.DUMP" >
113-->[androidx.profileinstaller:profileinstaller:1.3.1] AndroidManifest.xml:39:13-57
114            <intent-filter>
114-->[androidx.profileinstaller:profileinstaller:1.3.1] AndroidManifest.xml:40:13-42:29
115                <action android:name="androidx.profileinstaller.action.INSTALL_PROFILE" />
115-->[androidx.profileinstaller:profileinstaller:1.3.1] AndroidManifest.xml:41:17-91
115-->[androidx.profileinstaller:profileinstaller:1.3.1] AndroidManifest.xml:41:25-88
116            </intent-filter>
117            <intent-filter>
117-->[androidx.profileinstaller:profileinstaller:1.3.1] AndroidManifest.xml:43:13-45:29
118                <action android:name="androidx.profileinstaller.action.SKIP_FILE" />
118-->[androidx.profileinstaller:profileinstaller:1.3.1] AndroidManifest.xml:44:17-85
118-->[androidx.profileinstaller:profileinstaller:1.3.1] AndroidManifest.xml:44:25-82
119            </intent-filter>
120            <intent-filter>
120-->[androidx.profileinstaller:profileinstaller:1.3.1] AndroidManifest.xml:46:13-48:29
121                <action android:name="androidx.profileinstaller.action.SAVE_PROFILE" />
121-->[androidx.profileinstaller:profileinstaller:1.3.1] AndroidManifest.xml:47:17-88
121-->[androidx.profileinstaller:profileinstaller:1.3.1] AndroidManifest.xml:47:25-85
122            </intent-filter>
123            <intent-filter>
123-->[androidx.profileinstaller:profileinstaller:1.3.1] AndroidManifest.xml:49:13-51:29
124                <action android:name="androidx.profileinstaller.action.BENCHMARK_OPERATION" />
124-->[androidx.profileinstaller:profileinstaller:1.3.1] AndroidManifest.xml:50:17-95
124-->[androidx.profileinstaller:profileinstaller:1.3.1] AndroidManifest.xml:50:25-92
125            </intent-filter>
126        </receiver>
127    </application>
128
129</manifest>